5:31:25 PM  [main] 	Initializing Control Panel
5:31:25 PM  [main] 	Windows Version:  Home  64-bit
5:31:25 PM  [main] 	XAMPP Version: 7.0.9
5:31:25 PM  [main] 	Control Panel Version: 3.2.2  [ Compiled: Nov 12th 2015 ]
5:31:25 PM  [main] 	You are not running with administrator rights! This will work for
5:31:25 PM  [main] 	most application stuff but whenever you do something with services
5:31:25 PM  [main] 	there will be a security dialogue or things will break! So think 
5:31:25 PM  [main] 	about running this application with administrator rights!
5:31:25 PM  [main] 	XAMPP Installation Directory: "c:\mood\server\"
5:31:25 PM  [main] 	Checking for prerequisites
5:31:25 PM  [main] 	All prerequisites found
5:31:25 PM  [main] 	Initializing Modules
5:31:25 PM  [main] 	The FileZilla module is disabled
5:31:25 PM  [main] 	The Mercury module is disabled
5:31:25 PM  [Tomcat] 	Problem detected: Tomcat Not Found!
5:31:25 PM  [Tomcat] 	Disabling Tomcat buttons
5:31:25 PM  [Tomcat] 	Run this program from your XAMPP root directory!
5:31:25 PM  [Tomcat] 	Problem detected: Required Tool catalina_start.bat Not Found!
5:31:25 PM  [Tomcat] 	Problem detected: Required Tool catalina_stop.bat Not Found!
5:31:25 PM  [Tomcat] 	Problem detected: Required Tool catalina_service.bat Not Found!
5:31:25 PM  [main] 	Starting Check-Timer
5:31:25 PM  [main] 	Control Panel Ready
5:31:31 PM  [Apache] 	Attempting to start Apache app...
5:31:31 PM  [Apache] 	Status change detected: running
5:31:34 PM  [mysql] 	Attempting to start MySQL app...
5:31:34 PM  [mysql] 	Status change detected: running
10:34:34 PM  [Apache] 	Attempting to stop Apache (PID: 2052)
10:34:34 PM  [Apache] 	Attempting to stop Apache (PID: 11896)
10:34:34 PM  [Apache] 	Attempting to stop Apache (PID: 2052)
10:34:34 PM  [Apache] 	Problem killing PID 2052
10:34:34 PM  [Apache] 	Check that you have the proper privileges
10:34:34 PM  [Apache] 	Attempting to stop Apache (PID: 11896)
10:34:34 PM  [Apache] 	Problem killing PID 11896
10:34:34 PM  [Apache] 	Check that you have the proper privileges
10:34:36 PM  [mysql] 	Attempting to stop MySQL app...
10:34:51 PM  [mysql] 	Attempting to stop MySQL app...
10:34:57 PM  [Apache] 	Status change detected: stopped
10:34:57 PM  [mysql] 	Status change detected: stopped
10:35:53 PM  [main] 	Deinitializing Modules
10:35:53 PM  [main] 	Deinitializing Control Panel

8:52:06 AM  [main] 	Initializing Control Panel
8:52:06 AM  [main] 	Windows Version:  Home  64-bit
8:52:06 AM  [main] 	XAMPP Version: 7.0.9
8:52:06 AM  [main] 	Control Panel Version: 3.2.2  [ Compiled: Nov 12th 2015 ]
8:52:06 AM  [main] 	You are not running with administrator rights! This will work for
8:52:06 AM  [main] 	most application stuff but whenever you do something with services
8:52:06 AM  [main] 	there will be a security dialogue or things will break! So think 
8:52:06 AM  [main] 	about running this application with administrator rights!
8:52:06 AM  [main] 	XAMPP Installation Directory: "c:\mood\server\"
8:52:06 AM  [main] 	Checking for prerequisites
8:52:23 AM  [main] 	All prerequisites found
8:52:23 AM  [main] 	Initializing Modules
8:52:23 AM  [main] 	The FileZilla module is disabled
8:52:23 AM  [main] 	The Mercury module is disabled
8:52:23 AM  [Tomcat] 	Problem detected: Tomcat Not Found!
8:52:23 AM  [Tomcat] 	Disabling Tomcat buttons
8:52:23 AM  [Tomcat] 	Run this program from your XAMPP root directory!
8:52:23 AM  [Tomcat] 	Problem detected: Required Tool catalina_start.bat Not Found!
8:52:23 AM  [Tomcat] 	Problem detected: Required Tool catalina_stop.bat Not Found!
8:52:23 AM  [Tomcat] 	Problem detected: Required Tool catalina_service.bat Not Found!
8:52:23 AM  [main] 	Starting Check-Timer
8:52:23 AM  [main] 	Control Panel Ready
8:52:31 AM  [Apache] 	Attempting to start Apache app...
8:52:31 AM  [Apache] 	Status change detected: running
8:52:33 AM  [mysql] 	Attempting to start MySQL app...
8:52:33 AM  [mysql] 	Status change detected: running
1:16:49 PM  [mysql] 	Attempting to stop MySQL app...
1:16:54 PM  [Apache] 	Attempting to stop Apache (PID: 9100)
1:16:55 PM  [Apache] 	Attempting to stop Apache (PID: 4852)
1:16:56 PM  [Apache] 	Status change detected: stopped
1:16:58 PM  [mysql] 	Status change detected: stopped
1:17:15 PM  [main] 	Deinitializing Modules
1:17:15 PM  [main] 	Deinitializing Control Panel

4:36:37 PM  [main] 	Initializing Control Panel
4:36:37 PM  [main] 	Windows Version:  Home  64-bit
4:36:37 PM  [main] 	XAMPP Version: 7.0.9
4:36:37 PM  [main] 	Control Panel Version: 3.2.2  [ Compiled: Nov 12th 2015 ]
4:36:37 PM  [main] 	You are not running with administrator rights! This will work for
4:36:37 PM  [main] 	most application stuff but whenever you do something with services
4:36:37 PM  [main] 	there will be a security dialogue or things will break! So think 
4:36:37 PM  [main] 	about running this application with administrator rights!
4:36:37 PM  [main] 	XAMPP Installation Directory: "c:\mood\server\"
4:36:37 PM  [main] 	Checking for prerequisites
4:36:37 PM  [main] 	All prerequisites found
4:36:37 PM  [main] 	Initializing Modules
4:36:37 PM  [main] 	The FileZilla module is disabled
4:36:37 PM  [main] 	The Mercury module is disabled
4:36:37 PM  [Tomcat] 	Problem detected: Tomcat Not Found!
4:36:37 PM  [Tomcat] 	Disabling Tomcat buttons
4:36:37 PM  [Tomcat] 	Run this program from your XAMPP root directory!
4:36:37 PM  [Tomcat] 	Problem detected: Required Tool catalina_start.bat Not Found!
4:36:37 PM  [Tomcat] 	Problem detected: Required Tool catalina_stop.bat Not Found!
4:36:37 PM  [Tomcat] 	Problem detected: Required Tool catalina_service.bat Not Found!
4:36:37 PM  [main] 	Starting Check-Timer
4:36:37 PM  [main] 	Control Panel Ready
4:36:41 PM  [Apache] 	Attempting to start Apache app...
4:36:41 PM  [Apache] 	Status change detected: running
4:36:48 PM  [mysql] 	Attempting to start MySQL app...
4:36:48 PM  [mysql] 	Status change detected: running
4:41:28 PM  [Apache] 	Attempting to stop Apache (PID: 452)
4:41:28 PM  [Apache] 	Attempting to stop Apache (PID: 18140)
4:41:29 PM  [Apache] 	Status change detected: stopped
4:41:30 PM  [mysql] 	Attempting to stop MySQL app...
4:41:33 PM  [mysql] 	Status change detected: stopped
4:46:38 PM  [main] 	Deinitializing Modules
4:46:38 PM  [main] 	Deinitializing Control Panel

